  stdafx.cpp
  animation.cpp
  baseball.cpp
c:\users\nrk\desktop\teamlounge\baseball.cpp(18): warning C4244: '인수': 'float'에서 'int'(으)로 변환하면서 데이터가 손실될 수 있습니다.
c:\users\nrk\desktop\teamlounge\baseball.cpp(25): warning C4244: '인수': 'float'에서 'int'(으)로 변환하면서 데이터가 손실될 수 있습니다.
c:\users\nrk\desktop\teamlounge\baseball.cpp(26): warning C4244: '=': 'float'에서 'int'(으)로 변환하면서 데이터가 손실될 수 있습니다.
c:\users\nrk\desktop\teamlounge\baseball.cpp(27): warning C4244: '인수': 'float'에서 'int'(으)로 변환하면서 데이터가 손실될 수 있습니다.
c:\users\nrk\desktop\teamlounge\baseball.cpp(42): warning C4244: '인수': 'float'에서 'int'(으)로 변환하면서 데이터가 손실될 수 있습니다.
c:\users\nrk\desktop\teamlounge\baseball.cpp(43): warning C4244: '인수': 'float'에서 'int'(으)로 변환하면서 데이터가 손실될 수 있습니다.
c:\users\nrk\desktop\teamlounge\baseball.cpp(45): warning C4244: '=': 'float'에서 'int'(으)로 변환하면서 데이터가 손실될 수 있습니다.
c:\users\nrk\desktop\teamlounge\baseball.cpp(54): warning C4244: '인수': 'float'에서 'int'(으)로 변환하면서 데이터가 손실될 수 있습니다.
c:\users\nrk\desktop\teamlounge\baseball.cpp(68): warning C4244: '인수': 'float'에서 'int'(으)로 변환하면서 데이터가 손실될 수 있습니다.
  bat.cpp
  boss.cpp
c:\users\nrk\desktop\teamlounge\boss.cpp(16): warning C4244: '인수': 'float'에서 'int'(으)로 변환하면서 데이터가 손실될 수 있습니다.
c:\users\nrk\desktop\teamlounge\boss.cpp(32): warning C4267: '인수': 'size_t'에서 'int'(으)로 변환하면서 데이터가 손실될 수 있습니다.
c:\users\nrk\desktop\teamlounge\boss.cpp(38): warning C4244: '=': 'long'에서 'float'(으)로 변환하면서 데이터가 손실될 수 있습니다.
c:\users\nrk\desktop\teamlounge\boss.cpp(39): warning C4244: '인수': 'float'에서 'int'(으)로 변환하면서 데이터가 손실될 수 있습니다.
  button.cpp
c:\users\nrk\desktop\teamlounge\button.cpp(19): warning C4244: '인수': 'float'에서 'int'(으)로 변환하면서 데이터가 손실될 수 있습니다.
  cameraManager.cpp
c:\users\nrk\desktop\teamlounge\cameramanager.cpp(14): warning C4244: '=': 'float'에서 'LONG'(으)로 변환하면서 데이터가 손실될 수 있습니다.
c:\users\nrk\desktop\teamlounge\cameramanager.cpp(44): warning C4244: '=': 'int'에서 'float'(으)로 변환하면서 데이터가 손실될 수 있습니다.
c:\users\nrk\desktop\teamlounge\cameramanager.cpp(51): warning C4244: '=': 'int'에서 'float'(으)로 변환하면서 데이터가 손실될 수 있습니다.
c:\users\nrk\desktop\teamlounge\cameramanager.cpp(57): warning C4244: '=': 'int'에서 'float'(으)로 변환하면서 데이터가 손실될 수 있습니다.
c:\users\nrk\desktop\teamlounge\cameramanager.cpp(85): warning C4244: '=': 'float'에서 'LONG'(으)로 변환하면서 데이터가 손실될 수 있습니다.
c:\users\nrk\desktop\teamlounge\cameramanager.cpp(86): warning C4244: '=': 'float'에서 'LONG'(으)로 변환하면서 데이터가 손실될 수 있습니다.
c:\users\nrk\desktop\teamlounge\cameramanager.cpp(93): warning C4244: '=': 'LONG'에서 'float'(으)로 변환하면서 데이터가 손실될 수 있습니다.
c:\users\nrk\desktop\teamlounge\cameramanager.cpp(94): warning C4244: '=': 'LONG'에서 'float'(으)로 변환하면서 데이터가 손실될 수 있습니다.
c:\users\nrk\desktop\teamlounge\cameramanager.cpp(95): warning C4244: '=': 'int'에서 'float'(으)로 변환하면서 데이터가 손실될 수 있습니다.
c:\users\nrk\desktop\teamlounge\cameramanager.cpp(96): warning C4244: '=': 'int'에서 'float'(으)로 변환하면서 데이터가 손실될 수 있습니다.
c:\users\nrk\desktop\teamlounge\cameramanager.cpp(97): warning C4244: '인수': 'float'에서 'int'(으)로 변환하면서 데이터가 손실될 수 있습니다.
c:\users\nrk\desktop\teamlounge\cameramanager.cpp(113): warning C4244: '인수': 'float'에서 'int'(으)로 변환하면서 데이터가 손실될 수 있습니다.
c:\users\nrk\desktop\teamlounge\cameramanager.cpp(112): warning C4244: '인수': 'float'에서 'int'(으)로 변환하면서 데이터가 손실될 수 있습니다.
c:\users\nrk\desktop\teamlounge\cameramanager.cpp(111): warning C4244: '인수': 'float'에서 'int'(으)로 변환하면서 데이터가 손실될 수 있습니다.
c:\users\nrk\desktop\teamlounge\cameramanager.cpp(110): warning C4244: '인수': 'float'에서 'int'(으)로 변환하면서 데이터가 손실될 수 있습니다.
c:\users\nrk\desktop\teamlounge\cameramanager.cpp(123): warning C4244: '인수': 'float'에서 'int'(으)로 변환하면서 데이터가 손실될 수 있습니다.
c:\users\nrk\desktop\teamlounge\cameramanager.cpp(122): warning C4244: '인수': 'float'에서 'int'(으)로 변환하면서 데이터가 손실될 수 있습니다.
c:\users\nrk\desktop\teamlounge\cameramanager.cpp(121): warning C4244: '인수': 'float'에서 'int'(으)로 변환하면서 데이터가 손실될 수 있습니다.
c:\users\nrk\desktop\teamlounge\cameramanager.cpp(120): warning C4244: '인수': 'float'에서 'int'(으)로 변환하면서 데이터가 손실될 수 있습니다.
c:\users\nrk\desktop\teamlounge\cameramanager.cpp(133): warning C4244: '=': 'float'에서 'LONG'(으)로 변환하면서 데이터가 손실될 수 있습니다.
c:\users\nrk\desktop\teamlounge\cameramanager.cpp(135): warning C4244: '=': 'float'에서 'LONG'(으)로 변환하면서 데이터가 손실될 수 있습니다.
  chair.cpp
c:\users\nrk\desktop\teamlounge\chair.cpp(15): warning C4244: '인수': 'float'에서 'int'(으)로 변환하면서 데이터가 손실될 수 있습니다.
c:\users\nrk\desktop\teamlounge\chair.cpp(32): warning C4267: '인수': 'size_t'에서 'int'(으)로 변환하면서 데이터가 손실될 수 있습니다.
  collision+chanho.cpp
  collision+deokho.cpp
  collision+hyunjeong.cpp
  collision+yoongho.cpp
  collision+younghan.cpp
  collision.cpp
  effect.cpp
  effectManager.cpp
  endingScene.cpp
  enemy.cpp
  enemyManager.cpp
c:\users\nrk\desktop\teamlounge\enemymanager.cpp(14): warning C4244: '인수': 'long'에서 'float'(으)로 변환하면서 데이터가 손실될 수 있습니다.
c:\users\nrk\desktop\teamlounge\enemymanager.cpp(27): warning C4244: '인수': 'LONG'에서 'float'(으)로 변환하면서 데이터가 손실될 수 있습니다.
  gameNode.cpp
c:\users\nrk\desktop\teamlounge\gamenode.cpp(95): warning C4244: '=': 'float'에서 'LONG'(으)로 변환하면서 데이터가 손실될 수 있습니다.
c:\users\nrk\desktop\teamlounge\gamenode.cpp(96): warning C4244: '=': 'float'에서 'LONG'(으)로 변환하면서 데이터가 손실될 수 있습니다.
c:\users\nrk\desktop\teamlounge\gamenode.cpp(89): warning C4101: 'hdc' :참조되지 않은 지역 변수입니다.
c:\users\nrk\desktop\teamlounge\gamenode.cpp(88): warning C4101: 'ps' :참조되지 않은 지역 변수입니다.
  Idle.cpp
  코드를 생성하고 있습니다...
c:\users\nrk\desktop\teamlounge\cameramanager.cpp(125): warning C4715: 'cameraManager::minimapObject': 모든 제어 경로에서 값을 반환하지는 않습니다.
  컴파일하고 있습니다...
  image.cpp
c:\users\nrk\desktop\teamlounge\image.cpp(76): warning C4267: '초기화 중': 'size_t'에서 'int'(으)로 변환하면서 데이터가 손실될 수 있습니다.
c:\users\nrk\desktop\teamlounge\image.cpp(131): warning C4267: '초기화 중': 'size_t'에서 'int'(으)로 변환하면서 데이터가 손실될 수 있습니다.
c:\users\nrk\desktop\teamlounge\image.cpp(184): warning C4267: '초기화 중': 'size_t'에서 'int'(으)로 변환하면서 데이터가 손실될 수 있습니다.
c:\users\nrk\desktop\teamlounge\image.cpp(422): warning C4244: '인수': 'float'에서 'int'(으)로 변환하면서 데이터가 손실될 수 있습니다.
c:\users\nrk\desktop\teamlounge\image.cpp(428): warning C4244: '인수': 'float'에서 'int'(으)로 변환하면서 데이터가 손실될 수 있습니다.
c:\users\nrk\desktop\teamlounge\image.cpp(434): warning C4244: '인수': 'float'에서 'int'(으)로 변환하면서 데이터가 손실될 수 있습니다.
  imageInit+chanho.cpp
  imageInit+deokho.cpp
  imageInit+hyunjeong.cpp
  imageInit+younghan.cpp
  imageManager.cpp
  iniDataManager.cpp
  item.cpp
  itemManager.cpp
c:\users\nrk\desktop\teamlounge\itemmanager.cpp(14): warning C4244: '인수': 'long'에서 'float'(으)로 변환하면서 데이터가 손실될 수 있습니다.
c:\users\nrk\desktop\teamlounge\itemmanager.cpp(28): warning C4244: '인수': 'long'에서 'float'(으)로 변환하면서 데이터가 손실될 수 있습니다.
  jump.cpp
  keyAniManager.cpp
  keyManager.cpp
  mainScene+cameraControl.cpp
  mainScene+zOrderRender.cpp
c:\users\nrk\desktop\teamlounge\mainscene+zorderrender.cpp(28): warning C4267: '인수': 'size_t'에서 'int'(으)로 변환하면서 데이터가 손실될 수 있습니다.
c:\users\nrk\desktop\teamlounge\mainscene+zorderrender.cpp(32): warning C4267: '인수': 'size_t'에서 'int'(으)로 변환하면서 데이터가 손실될 수 있습니다.
c:\users\nrk\desktop\teamlounge\mainscene+zorderrender.cpp(47): warning C4267: '인수': 'size_t'에서 'int'(으)로 변환하면서 데이터가 손실될 수 있습니다.
c:\users\nrk\desktop\teamlounge\mainscene+zorderrender.cpp(51): warning C4267: '인수': 'size_t'에서 'int'(으)로 변환하면서 데이터가 손실될 수 있습니다.
  minion.cpp
c:\users\nrk\desktop\teamlounge\minion.cpp(16): warning C4244: '인수': 'float'에서 'int'(으)로 변환하면서 데이터가 손실될 수 있습니다.
c:\users\nrk\desktop\teamlounge\minion.cpp(31): warning C4267: '인수': 'size_t'에서 'int'(으)로 변환하면서 데이터가 손실될 수 있습니다.
  object.cpp
  player.cpp
c:\users\nrk\desktop\teamlounge\player.cpp(24): warning C4244: '인수': 'float'에서 'int'(으)로 변환하면서 데이터가 손실될 수 있습니다.
c:\users\nrk\desktop\teamlounge\player.cpp(25): warning C4244: '인수': 'float'에서 'int'(으)로 변환하면서 데이터가 손실될 수 있습니다.
c:\users\nrk\desktop\teamlounge\player.cpp(40): warning C4244: '인수': 'float'에서 'int'(으)로 변환하면서 데이터가 손실될 수 있습니다.
c:\users\nrk\desktop\teamlounge\player.cpp(41): warning C4244: '인수': 'float'에서 'int'(으)로 변환하면서 데이터가 손실될 수 있습니다.
c:\users\nrk\desktop\teamlounge\player.cpp(54): warning C4267: '인수': 'size_t'에서 'int'(으)로 변환하면서 데이터가 손실될 수 있습니다.
c:\users\nrk\desktop\teamlounge\player.cpp(55): warning C4804: '>': 연산에 'bool' 형식을 사용하는 것은 안전하지 않습니다.
c:\users\nrk\desktop\teamlounge\player.cpp(57): warning C4267: '인수': 'size_t'에서 'int'(으)로 변환하면서 데이터가 손실될 수 있습니다.
c:\users\nrk\desktop\teamlounge\player.cpp(61): warning C4267: '인수': 'size_t'에서 'int'(으)로 변환하면서 데이터가 손실될 수 있습니다.
  imageInit+yoongho.cpp
  playGround.cpp
c:\users\nrk\desktop\teamlounge\playground.cpp(17): warning C4244: '인수': 'time_t'에서 'unsigned int'(으)로 변환하면서 데이터가 손실될 수 있습니다.
  mainScene.cpp
  코드를 생성하고 있습니다...
  컴파일하고 있습니다...
  progressBar.cpp
c:\users\nrk\desktop\teamlounge\progressbar.cpp(6): warning C4244: '=': 'int'에서 'float'(으)로 변환하면서 데이터가 손실될 수 있습니다.
c:\users\nrk\desktop\teamlounge\progressbar.cpp(7): warning C4244: '=': 'int'에서 'float'(으)로 변환하면서 데이터가 손실될 수 있습니다.
c:\users\nrk\desktop\teamlounge\progressbar.cpp(15): warning C4244: '=': 'int'에서 'float'(으)로 변환하면서 데이터가 손실될 수 있습니다.
c:\users\nrk\desktop\teamlounge\progressbar.cpp(27): warning C4244: '인수': 'float'에서 'int'(으)로 변환하면서 데이터가 손실될 수 있습니다.
c:\users\nrk\desktop\teamlounge\progressbar.cpp(35): warning C4244: '인수': 'float'에서 'int'(으)로 변환하면서 데이터가 손실될 수 있습니다.
c:\users\nrk\desktop\teamlounge\progressbar.cpp(41): warning C4244: '인수': 'float'에서 'int'(으)로 변환하면서 데이터가 손실될 수 있습니다.
c:\users\nrk\desktop\teamlounge\progressbar.cpp(40): warning C4244: '인수': 'float'에서 'int'(으)로 변환하면서 데이터가 손실될 수 있습니다.
  run.cpp
  sceneManager.cpp
  soundManager.cpp
  stageManager.cpp
c:\users\nrk\desktop\teamlounge\stagemanager.cpp(17): warning C4244: '인수': 'long'에서 'float'(으)로 변환하면서 데이터가 손실될 수 있습니다.
c:\users\nrk\desktop\teamlounge\stagemanager.cpp(18): warning C4244: '인수': 'long'에서 'float'(으)로 변환하면서 데이터가 손실될 수 있습니다.
c:\users\nrk\desktop\teamlounge\stagemanager.cpp(19): warning C4244: '인수': 'long'에서 'float'(으)로 변환하면서 데이터가 손실될 수 있습니다.
c:\users\nrk\desktop\teamlounge\stagemanager.cpp(28): warning C4244: '인수': 'int'에서 'float'(으)로 변환하면서 데이터가 손실될 수 있습니다.
  STATE.cpp
  timeManager.cpp
c:\users\nrk\desktop\teamlounge\timemanager.cpp(46): warning C4267: '인수': 'size_t'에서 'int'(으)로 변환하면서 데이터가 손실될 수 있습니다.
c:\users\nrk\desktop\teamlounge\timemanager.cpp(49): warning C4267: '인수': 'size_t'에서 'int'(으)로 변환하면서 데이터가 손실될 수 있습니다.
c:\users\nrk\desktop\teamlounge\timemanager.cpp(52): warning C4267: '인수': 'size_t'에서 'int'(으)로 변환하면서 데이터가 손실될 수 있습니다.
  timer.cpp
  titleScene.cpp
  trashCan.cpp
c:\users\nrk\desktop\teamlounge\trashcan.cpp(15): warning C4244: '인수': 'float'에서 'int'(으)로 변환하면서 데이터가 손실될 수 있습니다.
c:\users\nrk\desktop\teamlounge\trashcan.cpp(32): warning C4267: '인수': 'size_t'에서 'int'(으)로 변환하면서 데이터가 손실될 수 있습니다.
  txtData.cpp
  utils.cpp
  videoScene.cpp
  walk.cpp
  winMain.cpp
c:\users\nrk\desktop\teamlounge\winmain.cpp(89): warning C4244: 'return': 'WPARAM'에서 'int'(으)로 변환하면서 데이터가 손실될 수 있습니다.
  코드를 생성하고 있습니다...
c:\users\nrk\desktop\teamlounge\txtdata.cpp(47): warning C4172: 지역 변수 또는 임시: str의 주소를 반환하고 있습니다.
  windowAPI.vcxproj -> C:\Users\nrk\Desktop\TeamLounge\x64\Debug\windowAPI.exe
